<?xml version="1.0" encoding="UTF-8"?>
<testng-results ignored="0" total="1" passed="1" failed="0" skipped="0">
  <reporter-output>
  </reporter-output>
  <suite started-at="2022-07-22T19:21:48 IST" name="Suite" finished-at="2022-07-22T19:22:14 IST" duration-ms="26028">
    <groups>
    </groups>
    <test started-at="2022-07-22T19:21:48 IST" name="Test" finished-at="2022-07-22T19:22:14 IST" duration-ms="26028">
      <class name="testVagrantTests.sampleTest">
        <test-method signature="VerifyMovieReleaseDate()[pri:0, instance:testVagrantTests.sampleTest@d83da2e]" started-at="2022-07-22T19:21:48 IST" name="VerifyMovieReleaseDate" finished-at="2022-07-22T19:22:14 IST" duration-ms="25992" status="PASS">
          <reporter-output>
          </reporter-output>
        </test-method> <!-- VerifyMovieReleaseDate -->
      </class> <!-- testVagrantTests.sampleTest -->
    </test> <!-- Test -->
  </suite> <!-- Suite -->
</testng-results>
